<?xml version="1.0" encoding="UTF-8"?>
<!-- Generated by org.testng.reporters.JUnitXMLReporter -->
<testsuite ignored="0" hostname="DESKTOP-8NBBR1Q" failures="0" tests="4" name="Default test" time="12.784" errors="0" timestamp="2024-04-17T00:56:00 IST">
  <testcase classname="api.testcases.UserTest" name="testCreateUser" time="5.942"/>
  <testcase classname="api.testcases.UserTest" name="testGetUserData" time="1.608"/>
  <testcase classname="api.testcases.UserTest" name="testUpdateUser" time="3.033"/>
  <testcase classname="api.testcases.UserTest" name="testDeleteUser" time="1.459"/>
</testsuite> <!-- Default test -->
