<?xml version="1.0" encoding="UTF-8"?>
<!-- Generated by org.testng.reporters.JUnitXMLReporter -->
<testsuite ignored="0" hostname="DESKTOP-8NBBR1Q" failures="0" tests="20" name="Test" time="38.547" errors="0" timestamp="2023-10-16T22:59:22 IST">
  <testcase classname="api.testcases.UserTest2" name="testCreateUser" time="3.752"/>
  <testcase classname="api.testcases.UserTest2" name="testGetUserData" time="1.558"/>
  <testcase classname="api.testcases.UserTest2" name="testUpdateUser" time="3.069"/>
  <testcase classname="api.testcases.UserTest2" name="testDeleteUser" time="1.534"/>
  <testcase classname="api.testcases.UserTest" name="testCreateUser" time="1.59"/>
  <testcase classname="api.testcases.UserTest" name="testGetUserData" time="1.422"/>
  <testcase classname="api.testcases.UserTest" name="testUpdateUser" time="3.069"/>
  <testcase classname="api.testcases.UserTest" name="testDeleteUser" time="1.528"/>
  <testcase classname="api.testcases.UserTestDD" name="testCreateUser" time="1.621"/>
  <testcase classname="api.testcases.UserTestDD" name="testCreateUser" time="1.532"/>
  <testcase classname="api.testcases.UserTestDD" name="testCreateUser" time="1.533"/>
  <testcase classname="api.testcases.UserTestDD" name="testCreateUser" time="1.534"/>
  <testcase classname="api.testcases.UserTestDD" name="testGetUserData" time="1.958"/>
  <testcase classname="api.testcases.UserTestDD" name="testGetUserData" time="1.434"/>
  <testcase classname="api.testcases.UserTestDD" name="testGetUserData" time="1.531"/>
  <testcase classname="api.testcases.UserTestDD" name="testGetUserData" time="1.533"/>
  <testcase classname="api.testcases.UserTestDD" name="testDeleteUser" time="1.552"/>
  <testcase classname="api.testcases.UserTestDD" name="testDeleteUser" time="1.444"/>
  <testcase classname="api.testcases.UserTestDD" name="testDeleteUser" time="1.532"/>
  <testcase classname="api.testcases.UserTestDD" name="testDeleteUser" time="1.535"/>
</testsuite> <!-- Test -->
