<?xml version="1.0" encoding="UTF-8"?>
<testng-results ignored="0" total="4" passed="4" failed="0" skipped="0">
  <reporter-output>
  </reporter-output>
  <suite started-at="2024-04-17T00:55:47 IST" name="Default suite" finished-at="2024-04-17T00:56:00 IST" duration-ms="12784">
    <groups>
    </groups>
    <test started-at="2024-04-17T00:55:47 IST" name="Default test" finished-at="2024-04-17T00:56:00 IST" duration-ms="12784">
      <class name="api.testcases.UserTest">
        <test-method is-config="true" signature="generateTestData()[pri:0, instance:api.testcases.UserTest@70e9c95d]" started-at="2024-04-17T00:55:47 IST" name="generateTestData" finished-at="2024-04-17T00:55:48 IST" duration-ms="676" status="PASS">
          <reporter-output>
          </reporter-output>
        </test-method> <!-- generateTestData -->
        <test-method signature="testCreateUser()[pri:1, instance:api.testcases.UserTest@70e9c95d]" started-at="2024-04-17T00:55:48 IST" name="testCreateUser" finished-at="2024-04-17T00:55:54 IST" duration-ms="5942" status="PASS">
          <reporter-output>
          </reporter-output>
        </test-method> <!-- testCreateUser -->
        <test-method signature="testGetUserData()[pri:2, instance:api.testcases.UserTest@70e9c95d]" started-at="2024-04-17T00:55:54 IST" name="testGetUserData" finished-at="2024-04-17T00:55:56 IST" duration-ms="1608" status="PASS">
          <reporter-output>
          </reporter-output>
        </test-method> <!-- testGetUserData -->
        <test-method signature="testUpdateUser()[pri:3, instance:api.testcases.UserTest@70e9c95d]" started-at="2024-04-17T00:55:56 IST" name="testUpdateUser" finished-at="2024-04-17T00:55:59 IST" duration-ms="3033" status="PASS">
          <reporter-output>
          </reporter-output>
        </test-method> <!-- testUpdateUser -->
        <test-method signature="testDeleteUser()[pri:4, instance:api.testcases.UserTest@70e9c95d]" started-at="2024-04-17T00:55:59 IST" name="testDeleteUser" finished-at="2024-04-17T00:56:00 IST" duration-ms="1459" status="PASS">
          <reporter-output>
          </reporter-output>
        </test-method> <!-- testDeleteUser -->
      </class> <!-- api.testcases.UserTest -->
    </test> <!-- Default test -->
  </suite> <!-- Default suite -->
</testng-results>
